Mon 13 Jan 2020 15:46:34 INFO weibo_com_check.py 130 11404 获取到任务 2020-01-13 15:46:34.814671 关键词: 英超,检测码:一个温暖的家。
Mon 13 Jan 2020 15:47:14 INFO weibo_com_check.py 130 36748 获取到任务 2020-01-13 15:47:14.781687 关键词: 英超,检测码:一个温暖的家。
Mon 13 Jan 2020 15:47:38 INFO weibo_com_check.py 130 37716 获取到任务 2020-01-13 15:47:38.043395 关键词: 英超,检测码:一个温暖的家。
Mon 13 Jan 2020 15:48:18 INFO weibo_com_check.py 130 25024 获取到任务 2020-01-13 15:48:18.581550 关键词: 英超,检测码:一个温暖的家。
Mon 13 Jan 2020 15:48:33 INFO weibo_com_check.py 130 45648 获取到任务 2020-01-13 15:48:33.961789 关键词: 英超,检测码:一个温暖的家。
Mon 13 Jan 2020 15:48:49 INFO weibo_com_check.py 130 49688 获取到任务 2020-01-13 15:48:49.857698 关键词: 英超,检测码:一个温暖的家。
Mon 13 Jan 2020 15:49:54 WARNING weibo_com_check.py 200 49688 返回数据为空 一个温暖的家。
Mon 13 Jan 2020 15:51:37 INFO weibo_com_check.py 130 34992 获取到任务 2020-01-13 15:51:37.696452 关键词: 英超,检测码:一个温暖的家。
Mon 13 Jan 2020 15:51:38 WARNING weibo_com_check.py 202 34992 返回数据为空 一个温暖的家。
Mon 13 Jan 2020 15:51:38 INFO weibo_com_check.py 130 34992 获取到任务 2020-01-13 15:51:38.553963 关键词: 英超,检测码:一个温暖的家。
Mon 13 Jan 2020 15:51:39 WARNING weibo_com_check.py 202 34992 返回数据为空 一个温暖的家。
Mon 13 Jan 2020 15:51:39 INFO weibo_com_check.py 130 34992 获取到任务 2020-01-13 15:51:39.259572 关键词: 英超,检测码:一个温暖的家。
Mon 13 Jan 2020 15:51:40 WARNING weibo_com_check.py 202 34992 返回数据为空 一个温暖的家。
Mon 13 Jan 2020 15:51:40 INFO weibo_com_check.py 130 34992 获取到任务 2020-01-13 15:51:40.036115 关键词: 英超,检测码:一个温暖的家。
Mon 13 Jan 2020 15:51:41 WARNING weibo_com_check.py 202 34992 返回数据为空 一个温暖的家。
Mon 13 Jan 2020 15:51:41 INFO weibo_com_check.py 130 34992 获取到任务 2020-01-13 15:51:41.063529 关键词: 英超,检测码:一个温暖的家。
Mon 13 Jan 2020 15:51:42 WARNING weibo_com_check.py 202 34992 返回数据为空 一个温暖的家。
Mon 13 Jan 2020 15:51:42 INFO weibo_com_check.py 130 34992 获取到任务 2020-01-13 15:51:42.010990 关键词: 英超,检测码:一个温暖的家。
Mon 13 Jan 2020 15:51:42 WARNING weibo_com_check.py 202 34992 返回数据为空 一个温暖的家。
Mon 13 Jan 2020 15:51:42 INFO weibo_com_check.py 130 34992 获取到任务 2020-01-13 15:51:42.770555 关键词: 英超,检测码:一个温暖的家。
Mon 13 Jan 2020 15:51:43 WARNING weibo_com_check.py 202 34992 返回数据为空 一个温暖的家。
Mon 13 Jan 2020 15:51:43 INFO weibo_com_check.py 130 34992 获取到任务 2020-01-13 15:51:43.507135 关键词: 英超,检测码:一个温暖的家。
Mon 13 Jan 2020 15:51:44 WARNING weibo_com_check.py 202 34992 返回数据为空 一个温暖的家。
Mon 13 Jan 2020 15:51:44 INFO weibo_com_check.py 130 34992 获取到任务 2020-01-13 15:51:44.326680 关键词: 英超,检测码:一个温暖的家。
Mon 13 Jan 2020 15:51:45 WARNING weibo_com_check.py 202 34992 返回数据为空 一个温暖的家。
Mon 13 Jan 2020 15:51:45 INFO weibo_com_check.py 130 34992 获取到任务 2020-01-13 15:51:45.071243 关键词: 英超,检测码:一个温暖的家。
Mon 13 Jan 2020 15:51:46 WARNING weibo_com_check.py 202 34992 返回数据为空 一个温暖的家。
Mon 13 Jan 2020 15:51:46 INFO weibo_com_check.py 130 34992 获取到任务 2020-01-13 15:51:46.073671 关键词: 英超,检测码:一个温暖的家。
Mon 13 Jan 2020 15:51:46 WARNING weibo_com_check.py 202 34992 返回数据为空 一个温暖的家。
Mon 13 Jan 2020 15:51:46 INFO weibo_com_check.py 130 34992 获取到任务 2020-01-13 15:51:46.766275 关键词: 英超,检测码:一个温暖的家。
Mon 13 Jan 2020 15:51:47 WARNING weibo_com_check.py 202 34992 返回数据为空 一个温暖的家。
Mon 13 Jan 2020 15:51:47 INFO weibo_com_check.py 130 34992 获取到任务 2020-01-13 15:51:47.592802 关键词: 英超,检测码:一个温暖的家。
Mon 13 Jan 2020 15:51:48 WARNING weibo_com_check.py 202 34992 返回数据为空 一个温暖的家。
Mon 13 Jan 2020 15:51:48 INFO weibo_com_check.py 130 34992 获取到任务 2020-01-13 15:51:48.461306 关键词: 英超,检测码:一个温暖的家。
Mon 13 Jan 2020 15:51:49 WARNING weibo_com_check.py 202 34992 返回数据为空 一个温暖的家。
Mon 13 Jan 2020 15:51:49 INFO weibo_com_check.py 130 34992 获取到任务 2020-01-13 15:51:49.144918 关键词: 英超,检测码:一个温暖的家。
Mon 13 Jan 2020 15:51:49 WARNING weibo_com_check.py 202 34992 返回数据为空 一个温暖的家。
Mon 13 Jan 2020 15:51:49 INFO weibo_com_check.py 130 34992 获取到任务 2020-01-13 15:51:49.768561 关键词: 英超,检测码:一个温暖的家。
Mon 13 Jan 2020 15:51:50 WARNING weibo_com_check.py 202 34992 返回数据为空 一个温暖的家。
Mon 13 Jan 2020 15:51:50 INFO weibo_com_check.py 130 34992 获取到任务 2020-01-13 15:51:50.613091 关键词: 英超,检测码:一个温暖的家。
Mon 13 Jan 2020 15:51:51 WARNING weibo_com_check.py 202 34992 返回数据为空 一个温暖的家。
Mon 13 Jan 2020 15:51:51 INFO weibo_com_check.py 130 34992 获取到任务 2020-01-13 15:51:51.224748 关键词: 英超,检测码:一个温暖的家。
Mon 13 Jan 2020 15:51:51 WARNING weibo_com_check.py 202 34992 返回数据为空 一个温暖的家。
Mon 13 Jan 2020 15:51:51 INFO weibo_com_check.py 130 34992 获取到任务 2020-01-13 15:51:51.959311 关键词: 英超,检测码:一个温暖的家。
Mon 13 Jan 2020 15:51:52 WARNING weibo_com_check.py 202 34992 返回数据为空 一个温暖的家。
Mon 13 Jan 2020 15:51:52 INFO weibo_com_check.py 130 34992 获取到任务 2020-01-13 15:51:52.767849 关键词: 英超,检测码:一个温暖的家。
Mon 13 Jan 2020 15:51:53 WARNING weibo_com_check.py 202 34992 返回数据为空 一个温暖的家。
Mon 13 Jan 2020 15:51:53 INFO weibo_com_check.py 130 34992 获取到任务 2020-01-13 15:51:53.444462 关键词: 英超,检测码:一个温暖的家。
Mon 13 Jan 2020 15:51:54 WARNING weibo_com_check.py 202 34992 返回数据为空 一个温暖的家。
Mon 13 Jan 2020 15:51:54 INFO weibo_com_check.py 130 34992 获取到任务 2020-01-13 15:51:54.147062 关键词: 英超,检测码:一个温暖的家。
Mon 13 Jan 2020 15:51:54 WARNING weibo_com_check.py 202 34992 返回数据为空 一个温暖的家。
Mon 13 Jan 2020 15:51:55 INFO weibo_com_check.py 130 34992 获取到任务 2020-01-13 15:51:55.001573 关键词: 英超,检测码:一个温暖的家。
Mon 13 Jan 2020 15:51:55 WARNING weibo_com_check.py 202 34992 返回数据为空 一个温暖的家。
Mon 13 Jan 2020 15:51:55 INFO weibo_com_check.py 130 34992 获取到任务 2020-01-13 15:51:55.694178 关键词: 英超,检测码:一个温暖的家。
Mon 13 Jan 2020 15:51:56 WARNING weibo_com_check.py 202 34992 返回数据为空 一个温暖的家。
Mon 13 Jan 2020 15:51:56 INFO weibo_com_check.py 130 34992 获取到任务 2020-01-13 15:51:56.431758 关键词: 英超,检测码:一个温暖的家。
Mon 13 Jan 2020 15:51:57 WARNING weibo_com_check.py 202 34992 返回数据为空 一个温暖的家。
Mon 13 Jan 2020 15:51:57 INFO weibo_com_check.py 130 34992 获取到任务 2020-01-13 15:51:57.235302 关键词: 英超,检测码:一个温暖的家。
Mon 13 Jan 2020 15:51:57 WARNING weibo_com_check.py 202 34992 返回数据为空 一个温暖的家。
Mon 13 Jan 2020 15:51:57 INFO weibo_com_check.py 130 34992 获取到任务 2020-01-13 15:51:57.994865 关键词: 英超,检测码:一个温暖的家。
Mon 13 Jan 2020 15:51:58 WARNING weibo_com_check.py 202 34992 返回数据为空 一个温暖的家。
Mon 13 Jan 2020 15:51:58 INFO weibo_com_check.py 130 34992 获取到任务 2020-01-13 15:51:58.754432 关键词: 英超,检测码:一个温暖的家。
Mon 13 Jan 2020 15:51:59 WARNING weibo_com_check.py 202 34992 返回数据为空 一个温暖的家。
Mon 13 Jan 2020 15:51:59 INFO weibo_com_check.py 130 34992 获取到任务 2020-01-13 15:51:59.707888 关键词: 英超,检测码:一个温暖的家。
Mon 13 Jan 2020 15:52:00 WARNING weibo_com_check.py 202 34992 返回数据为空 一个温暖的家。
Mon 13 Jan 2020 15:52:00 INFO weibo_com_check.py 130 34992 获取到任务 2020-01-13 15:52:00.430475 关键词: 英超,检测码:一个温暖的家。
Mon 13 Jan 2020 15:52:01 WARNING weibo_com_check.py 202 34992 返回数据为空 一个温暖的家。
Mon 13 Jan 2020 15:52:01 INFO weibo_com_check.py 130 34992 获取到任务 2020-01-13 15:52:01.024135 关键词: 英超,检测码:一个温暖的家。
Mon 13 Jan 2020 15:52:01 WARNING weibo_com_check.py 202 34992 返回数据为空 一个温暖的家。
Mon 13 Jan 2020 15:52:01 INFO weibo_com_check.py 130 34992 获取到任务 2020-01-13 15:52:01.634788 关键词: 英超,检测码:一个温暖的家。
Mon 13 Jan 2020 15:52:02 WARNING weibo_com_check.py 202 34992 返回数据为空 一个温暖的家。
Mon 13 Jan 2020 15:52:02 INFO weibo_com_check.py 130 34992 获取到任务 2020-01-13 15:52:02.247437 关键词: 英超,检测码:一个温暖的家。
Mon 13 Jan 2020 15:52:02 WARNING weibo_com_check.py 202 34992 返回数据为空 一个温暖的家。
Mon 13 Jan 2020 15:52:02 INFO weibo_com_check.py 130 34992 获取到任务 2020-01-13 15:52:02.877088 关键词: 英超,检测码:一个温暖的家。
Mon 13 Jan 2020 15:52:03 WARNING weibo_com_check.py 202 34992 返回数据为空 一个温暖的家。
Mon 13 Jan 2020 15:52:03 INFO weibo_com_check.py 130 34992 获取到任务 2020-01-13 15:52:03.689627 关键词: 英超,检测码:一个温暖的家。
Mon 13 Jan 2020 15:52:04 WARNING weibo_com_check.py 202 34992 返回数据为空 一个温暖的家。
Mon 13 Jan 2020 15:52:04 INFO weibo_com_check.py 130 34992 获取到任务 2020-01-13 15:52:04.311272 关键词: 英超,检测码:一个温暖的家。
Mon 13 Jan 2020 15:52:04 WARNING weibo_com_check.py 202 34992 返回数据为空 一个温暖的家。
Mon 13 Jan 2020 15:52:04 INFO weibo_com_check.py 130 34992 获取到任务 2020-01-13 15:52:04.934904 关键词: 英超,检测码:一个温暖的家。
Mon 13 Jan 2020 15:52:05 WARNING weibo_com_check.py 202 34992 返回数据为空 一个温暖的家。
Mon 13 Jan 2020 15:52:05 INFO weibo_com_check.py 130 34992 获取到任务 2020-01-13 15:52:05.623511 关键词: 英超,检测码:一个温暖的家。
Mon 13 Jan 2020 15:52:06 WARNING weibo_com_check.py 202 34992 返回数据为空 一个温暖的家。
Mon 13 Jan 2020 15:52:06 INFO weibo_com_check.py 130 34992 获取到任务 2020-01-13 15:52:06.381079 关键词: 英超,检测码:一个温暖的家。
Mon 13 Jan 2020 15:52:07 WARNING weibo_com_check.py 202 34992 返回数据为空 一个温暖的家。
Mon 13 Jan 2020 15:52:07 INFO weibo_com_check.py 130 34992 获取到任务 2020-01-13 15:52:07.044699 关键词: 英超,检测码:一个温暖的家。
Mon 13 Jan 2020 15:52:07 WARNING weibo_com_check.py 202 34992 返回数据为空 一个温暖的家。
Mon 13 Jan 2020 15:52:07 INFO weibo_com_check.py 130 34992 获取到任务 2020-01-13 15:52:07.794272 关键词: 英超,检测码:一个温暖的家。
Mon 13 Jan 2020 15:52:08 WARNING weibo_com_check.py 202 34992 返回数据为空 一个温暖的家。
Mon 13 Jan 2020 15:52:08 INFO weibo_com_check.py 130 34992 获取到任务 2020-01-13 15:52:08.104095 关键词: 英超,检测码:一个温暖的家。
Mon 13 Jan 2020 15:52:08 WARNING weibo_com_check.py 202 34992 返回数据为空 一个温暖的家。
Mon 13 Jan 2020 15:52:08 INFO weibo_com_check.py 130 34992 获取到任务 2020-01-13 15:52:08.434906 关键词: 英超,检测码:一个温暖的家。
Mon 13 Jan 2020 15:52:08 WARNING weibo_com_check.py 202 34992 返回数据为空 一个温暖的家。
Mon 13 Jan 2020 15:52:08 INFO weibo_com_check.py 130 34992 获取到任务 2020-01-13 15:52:08.755722 关键词: 英超,检测码:一个温暖的家。
Mon 13 Jan 2020 15:52:09 WARNING weibo_com_check.py 202 34992 返回数据为空 一个温暖的家。
Mon 13 Jan 2020 15:52:09 INFO weibo_com_check.py 130 34992 获取到任务 2020-01-13 15:52:09.128510 关键词: 英超,检测码:一个温暖的家。
Mon 13 Jan 2020 15:52:09 WARNING weibo_com_check.py 202 34992 返回数据为空 一个温暖的家。
Mon 13 Jan 2020 15:52:09 INFO weibo_com_check.py 130 34992 获取到任务 2020-01-13 15:52:09.423341 关键词: 英超,检测码:一个温暖的家。
Mon 13 Jan 2020 15:52:09 WARNING weibo_com_check.py 202 34992 返回数据为空 一个温暖的家。
Mon 13 Jan 2020 15:52:09 INFO weibo_com_check.py 130 34992 获取到任务 2020-01-13 15:52:09.757151 关键词: 英超,检测码:一个温暖的家。
Mon 13 Jan 2020 15:52:10 WARNING weibo_com_check.py 202 34992 返回数据为空 一个温暖的家。
Mon 13 Jan 2020 15:52:10 INFO weibo_com_check.py 130 34992 获取到任务 2020-01-13 15:52:10.014005 关键词: 英超,检测码:一个温暖的家。
Mon 13 Jan 2020 15:52:10 WARNING weibo_com_check.py 202 34992 返回数据为空 一个温暖的家。
Mon 13 Jan 2020 15:52:10 INFO weibo_com_check.py 130 34992 获取到任务 2020-01-13 15:52:10.293845 关键词: 英超,检测码:一个温暖的家。
Mon 13 Jan 2020 15:52:10 WARNING weibo_com_check.py 202 34992 返回数据为空 一个温暖的家。
Mon 13 Jan 2020 15:52:10 INFO weibo_com_check.py 130 34992 获取到任务 2020-01-13 15:52:10.569689 关键词: 英超,检测码:一个温暖的家。
Mon 13 Jan 2020 15:52:10 WARNING weibo_com_check.py 202 34992 返回数据为空 一个温暖的家。
Mon 13 Jan 2020 15:52:10 INFO weibo_com_check.py 130 34992 获取到任务 2020-01-13 15:52:10.874513 关键词: 英超,检测码:一个温暖的家。
Mon 13 Jan 2020 15:52:11 WARNING weibo_com_check.py 202 34992 返回数据为空 一个温暖的家。
Mon 13 Jan 2020 15:52:11 INFO weibo_com_check.py 130 34992 获取到任务 2020-01-13 15:52:11.135382 关键词: 英超,检测码:一个温暖的家。
Mon 13 Jan 2020 15:52:11 WARNING weibo_com_check.py 202 34992 返回数据为空 一个温暖的家。
Mon 13 Jan 2020 15:52:11 INFO weibo_com_check.py 130 34992 获取到任务 2020-01-13 15:52:11.408209 关键词: 英超,检测码:一个温暖的家。
Mon 13 Jan 2020 15:52:11 WARNING weibo_com_check.py 202 34992 返回数据为空 一个温暖的家。
Mon 13 Jan 2020 15:52:11 INFO weibo_com_check.py 130 34992 获取到任务 2020-01-13 15:52:11.689052 关键词: 英超,检测码:一个温暖的家。
Mon 13 Jan 2020 15:52:12 WARNING weibo_com_check.py 202 34992 返回数据为空 一个温暖的家。
Mon 13 Jan 2020 15:52:12 INFO weibo_com_check.py 130 34992 获取到任务 2020-01-13 15:52:12.040848 关键词: 英超,检测码:一个温暖的家。
Mon 13 Jan 2020 15:52:12 WARNING weibo_com_check.py 202 34992 返回数据为空 一个温暖的家。
Mon 13 Jan 2020 15:52:12 INFO weibo_com_check.py 130 34992 获取到任务 2020-01-13 15:52:12.323687 关键词: 英超,检测码:一个温暖的家。
Mon 13 Jan 2020 15:52:12 WARNING weibo_com_check.py 202 34992 返回数据为空 一个温暖的家。
Mon 13 Jan 2020 15:52:12 INFO weibo_com_check.py 130 34992 获取到任务 2020-01-13 15:52:12.646504 关键词: 英超,检测码:一个温暖的家。
Mon 13 Jan 2020 15:52:13 WARNING weibo_com_check.py 202 34992 返回数据为空 一个温暖的家。
Mon 13 Jan 2020 15:52:13 INFO weibo_com_check.py 130 34992 获取到任务 2020-01-13 15:52:13.046273 关键词: 英超,检测码:一个温暖的家。
Mon 13 Jan 2020 15:52:13 WARNING weibo_com_check.py 202 34992 返回数据为空 一个温暖的家。
Mon 13 Jan 2020 15:52:13 INFO weibo_com_check.py 130 34992 获取到任务 2020-01-13 15:52:13.338107 关键词: 英超,检测码:一个温暖的家。
Mon 13 Jan 2020 15:52:13 WARNING weibo_com_check.py 202 34992 返回数据为空 一个温暖的家。
Mon 13 Jan 2020 15:52:13 INFO weibo_com_check.py 130 34992 获取到任务 2020-01-13 15:52:13.774858 关键词: 英超,检测码:一个温暖的家。
Mon 13 Jan 2020 15:52:14 WARNING weibo_com_check.py 202 34992 返回数据为空 一个温暖的家。
Mon 13 Jan 2020 15:52:14 INFO weibo_com_check.py 130 34992 获取到任务 2020-01-13 15:52:14.082681 关键词: 英超,检测码:一个温暖的家。
Mon 13 Jan 2020 15:52:14 WARNING weibo_com_check.py 202 34992 返回数据为空 一个温暖的家。
Mon 13 Jan 2020 15:52:14 INFO weibo_com_check.py 130 34992 获取到任务 2020-01-13 15:52:14.368519 关键词: 英超,检测码:一个温暖的家。
Mon 13 Jan 2020 15:52:14 WARNING weibo_com_check.py 202 34992 返回数据为空 一个温暖的家。
Mon 13 Jan 2020 15:52:14 INFO weibo_com_check.py 130 34992 获取到任务 2020-01-13 15:52:14.764293 关键词: 英超,检测码:一个温暖的家。
Mon 13 Jan 2020 15:52:15 WARNING weibo_com_check.py 202 34992 返回数据为空 一个温暖的家。
Mon 13 Jan 2020 15:52:15 INFO weibo_com_check.py 130 34992 获取到任务 2020-01-13 15:52:15.055127 关键词: 英超,检测码:一个温暖的家。
Mon 13 Jan 2020 15:52:15 WARNING weibo_com_check.py 202 34992 返回数据为空 一个温暖的家。
Mon 13 Jan 2020 15:52:15 INFO weibo_com_check.py 130 34992 获取到任务 2020-01-13 15:52:15.365950 关键词: 英超,检测码:一个温暖的家。
Mon 13 Jan 2020 15:52:15 WARNING weibo_com_check.py 202 34992 返回数据为空 一个温暖的家。
Mon 13 Jan 2020 15:52:15 INFO weibo_com_check.py 130 34992 获取到任务 2020-01-13 15:52:15.650799 关键词: 英超,检测码:一个温暖的家。
Mon 13 Jan 2020 15:52:15 WARNING weibo_com_check.py 202 34992 返回数据为空 一个温暖的家。
Mon 13 Jan 2020 15:52:15 INFO weibo_com_check.py 130 34992 获取到任务 2020-01-13 15:52:15.948617 关键词: 英超,检测码:一个温暖的家。
Mon 13 Jan 2020 15:52:16 WARNING weibo_com_check.py 202 34992 返回数据为空 一个温暖的家。
Mon 13 Jan 2020 15:52:16 INFO weibo_com_check.py 130 34992 获取到任务 2020-01-13 15:52:16.214464 关键词: 英超,检测码:一个温暖的家。
Mon 13 Jan 2020 15:52:16 WARNING weibo_com_check.py 202 34992 返回数据为空 一个温暖的家。
Mon 13 Jan 2020 15:52:16 INFO weibo_com_check.py 130 34992 获取到任务 2020-01-13 15:52:16.521308 关键词: 英超,检测码:一个温暖的家。
Mon 13 Jan 2020 15:52:16 WARNING weibo_com_check.py 202 34992 返回数据为空 一个温暖的家。
Mon 13 Jan 2020 15:52:16 INFO weibo_com_check.py 130 34992 获取到任务 2020-01-13 15:52:16.799132 关键词: 英超,检测码:一个温暖的家。
Mon 13 Jan 2020 15:52:17 WARNING weibo_com_check.py 202 34992 返回数据为空 一个温暖的家。
Mon 13 Jan 2020 15:52:17 INFO weibo_com_check.py 130 34992 获取到任务 2020-01-13 15:52:17.131942 关键词: 英超,检测码:一个温暖的家。
Mon 13 Jan 2020 15:52:17 WARNING weibo_com_check.py 202 34992 返回数据为空 一个温暖的家。
Mon 13 Jan 2020 15:52:17 INFO weibo_com_check.py 130 34992 获取到任务 2020-01-13 15:52:17.414781 关键词: 英超,检测码:一个温暖的家。
Mon 13 Jan 2020 15:52:17 WARNING weibo_com_check.py 202 34992 返回数据为空 一个温暖的家。
Mon 13 Jan 2020 15:52:17 INFO weibo_com_check.py 130 34992 获取到任务 2020-01-13 15:52:17.688623 关键词: 英超,检测码:一个温暖的家。
Mon 13 Jan 2020 15:54:49 INFO weibo_com_check.py 130 31144 获取到任务 2020-01-13 15:54:49.835775 关键词: 英超,检测码:一个温暖的家。
Mon 13 Jan 2020 15:59:04 INFO weibo_com_check.py 130 9364 获取到任务 2020-01-13 15:59:04.606410 关键词: 英超,检测码:射手榜第4位。
Mon 13 Jan 2020 15:59:05 WARNING weibo_com_check.py 204 9364 返回数据为空 射手榜第4位。
Mon 13 Jan 2020 15:59:05 INFO weibo_com_check.py 130 9364 获取到任务 2020-01-13 15:59:05.493903 关键词: 英超,检测码:射手榜第4位。
Mon 13 Jan 2020 15:59:06 WARNING weibo_com_check.py 204 9364 返回数据为空 射手榜第4位。
Mon 13 Jan 2020 15:59:06 INFO weibo_com_check.py 130 9364 获取到任务 2020-01-13 15:59:06.515319 关键词: 英超,检测码:射手榜第4位。
Mon 13 Jan 2020 15:59:07 WARNING weibo_com_check.py 204 9364 返回数据为空 射手榜第4位。
Mon 13 Jan 2020 15:59:07 INFO weibo_com_check.py 130 9364 获取到任务 2020-01-13 15:59:07.258896 关键词: 英超,检测码:射手榜第4位。
Mon 13 Jan 2020 15:59:08 WARNING weibo_com_check.py 204 9364 返回数据为空 射手榜第4位。
Mon 13 Jan 2020 15:59:08 INFO weibo_com_check.py 130 9364 获取到任务 2020-01-13 15:59:08.134395 关键词: 英超,检测码:射手榜第4位。
Mon 13 Jan 2020 15:59:09 WARNING weibo_com_check.py 204 9364 返回数据为空 射手榜第4位。
Mon 13 Jan 2020 15:59:09 INFO weibo_com_check.py 130 9364 获取到任务 2020-01-13 15:59:09.025887 关键词: 英超,检测码:射手榜第4位。
Mon 13 Jan 2020 15:59:09 WARNING weibo_com_check.py 204 9364 返回数据为空 射手榜第4位。
Mon 13 Jan 2020 15:59:09 INFO weibo_com_check.py 130 9364 获取到任务 2020-01-13 15:59:09.833427 关键词: 英超,检测码:射手榜第4位。
Mon 13 Jan 2020 15:59:10 WARNING weibo_com_check.py 204 9364 返回数据为空 射手榜第4位。
Mon 13 Jan 2020 15:59:10 INFO weibo_com_check.py 130 9364 获取到任务 2020-01-13 15:59:10.709943 关键词: 英超,检测码:射手榜第4位。
Mon 13 Jan 2020 15:59:11 WARNING weibo_com_check.py 204 9364 返回数据为空 射手榜第4位。
Mon 13 Jan 2020 15:59:11 INFO weibo_com_check.py 130 9364 获取到任务 2020-01-13 15:59:11.408527 关键词: 英超,检测码:射手榜第4位。
Mon 13 Jan 2020 15:59:12 WARNING weibo_com_check.py 204 9364 返回数据为空 射手榜第4位。
Mon 13 Jan 2020 15:59:12 INFO weibo_com_check.py 130 9364 获取到任务 2020-01-13 15:59:12.186082 关键词: 英超,检测码:射手榜第4位。
Mon 13 Jan 2020 15:59:12 WARNING weibo_com_check.py 204 9364 返回数据为空 射手榜第4位。
Mon 13 Jan 2020 15:59:12 INFO weibo_com_check.py 130 9364 获取到任务 2020-01-13 15:59:12.949646 关键词: 英超,检测码:射手榜第4位。
Mon 13 Jan 2020 15:59:13 WARNING weibo_com_check.py 204 9364 返回数据为空 射手榜第4位。
Mon 13 Jan 2020 15:59:13 INFO weibo_com_check.py 130 9364 获取到任务 2020-01-13 15:59:13.804172 关键词: 英超,检测码:射手榜第4位。
Mon 13 Jan 2020 15:59:14 WARNING weibo_com_check.py 204 9364 返回数据为空 射手榜第4位。
Mon 13 Jan 2020 15:59:14 INFO weibo_com_check.py 130 9364 获取到任务 2020-01-13 15:59:14.528745 关键词: 英超,检测码:射手榜第4位。
Mon 13 Jan 2020 15:59:15 WARNING weibo_com_check.py 204 9364 返回数据为空 射手榜第4位。
Mon 13 Jan 2020 15:59:15 INFO weibo_com_check.py 130 9364 获取到任务 2020-01-13 15:59:15.368266 关键词: 英超,检测码:射手榜第4位。
Mon 13 Jan 2020 15:59:16 WARNING weibo_com_check.py 204 9364 返回数据为空 射手榜第4位。
Mon 13 Jan 2020 15:59:16 INFO weibo_com_check.py 130 9364 获取到任务 2020-01-13 15:59:16.425663 关键词: 英超,检测码:射手榜第4位。
Mon 13 Jan 2020 15:59:17 WARNING weibo_com_check.py 204 9364 返回数据为空 射手榜第4位。
Mon 13 Jan 2020 15:59:17 INFO weibo_com_check.py 130 9364 获取到任务 2020-01-13 15:59:17.126263 关键词: 英超,检测码:射手榜第4位。
Mon 13 Jan 2020 15:59:18 WARNING weibo_com_check.py 204 9364 返回数据为空 射手榜第4位。
Mon 13 Jan 2020 15:59:18 INFO weibo_com_check.py 130 9364 获取到任务 2020-01-13 15:59:18.002762 关键词: 英超,检测码:射手榜第4位。
Mon 13 Jan 2020 15:59:18 WARNING weibo_com_check.py 204 9364 返回数据为空 射手榜第4位。
Mon 13 Jan 2020 15:59:18 INFO weibo_com_check.py 130 9364 获取到任务 2020-01-13 15:59:18.773324 关键词: 英超,检测码:射手榜第4位。
Mon 13 Jan 2020 15:59:19 WARNING weibo_com_check.py 204 9364 返回数据为空 射手榜第4位。
Mon 13 Jan 2020 15:59:19 INFO weibo_com_check.py 130 9364 获取到任务 2020-01-13 15:59:19.509902 关键词: 英超,检测码:射手榜第4位。
Mon 13 Jan 2020 15:59:20 WARNING weibo_com_check.py 204 9364 返回数据为空 射手榜第4位。
Mon 13 Jan 2020 15:59:20 INFO weibo_com_check.py 130 9364 获取到任务 2020-01-13 15:59:20.305448 关键词: 英超,检测码:射手榜第4位。
Mon 13 Jan 2020 15:59:21 WARNING weibo_com_check.py 204 9364 返回数据为空 射手榜第4位。
Mon 13 Jan 2020 15:59:21 INFO weibo_com_check.py 130 9364 获取到任务 2020-01-13 15:59:21.050024 关键词: 英超,检测码:射手榜第4位。
Mon 13 Jan 2020 15:59:21 WARNING weibo_com_check.py 204 9364 返回数据为空 射手榜第4位。
Mon 13 Jan 2020 15:59:21 INFO weibo_com_check.py 130 9364 获取到任务 2020-01-13 15:59:21.793600 关键词: 英超,检测码:射手榜第4位。
Mon 13 Jan 2020 15:59:22 WARNING weibo_com_check.py 204 9364 返回数据为空 射手榜第4位。
Mon 13 Jan 2020 15:59:22 INFO weibo_com_check.py 130 9364 获取到任务 2020-01-13 15:59:22.617130 关键词: 英超,检测码:射手榜第4位。
Mon 13 Jan 2020 15:59:23 WARNING weibo_com_check.py 204 9364 返回数据为空 射手榜第4位。
Mon 13 Jan 2020 15:59:23 INFO weibo_com_check.py 130 9364 获取到任务 2020-01-13 15:59:23.403679 关键词: 英超,检测码:射手榜第4位。
Mon 13 Jan 2020 15:59:24 WARNING weibo_com_check.py 204 9364 返回数据为空 射手榜第4位。
Mon 13 Jan 2020 15:59:24 INFO weibo_com_check.py 130 9364 获取到任务 2020-01-13 15:59:24.184234 关键词: 英超,检测码:射手榜第4位。
Mon 13 Jan 2020 15:59:24 WARNING weibo_com_check.py 204 9364 返回数据为空 射手榜第4位。
Mon 13 Jan 2020 15:59:24 INFO weibo_com_check.py 130 9364 获取到任务 2020-01-13 15:59:24.889849 关键词: 英超,检测码:射手榜第4位。
Mon 13 Jan 2020 15:59:25 WARNING weibo_com_check.py 204 9364 返回数据为空 射手榜第4位。
Mon 13 Jan 2020 15:59:25 INFO weibo_com_check.py 130 9364 获取到任务 2020-01-13 15:59:25.701377 关键词: 英超,检测码:射手榜第4位。
Mon 13 Jan 2020 15:59:26 WARNING weibo_com_check.py 204 9364 返回数据为空 射手榜第4位。
Mon 13 Jan 2020 15:59:26 INFO weibo_com_check.py 130 9364 获取到任务 2020-01-13 15:59:26.485920 关键词: 英超,检测码:射手榜第4位。
Mon 13 Jan 2020 15:59:27 WARNING weibo_com_check.py 204 9364 返回数据为空 射手榜第4位。
Mon 13 Jan 2020 15:59:27 INFO weibo_com_check.py 130 9364 获取到任务 2020-01-13 15:59:27.287463 关键词: 英超,检测码:射手榜第4位。
Mon 13 Jan 2020 15:59:27 WARNING weibo_com_check.py 204 9364 返回数据为空 射手榜第4位。
Mon 13 Jan 2020 15:59:27 INFO weibo_com_check.py 130 9364 获取到任务 2020-01-13 15:59:27.601285 关键词: 英超,检测码:射手榜第4位。
Mon 13 Jan 2020 15:59:27 WARNING weibo_com_check.py 204 9364 返回数据为空 射手榜第4位。
Mon 13 Jan 2020 15:59:27 INFO weibo_com_check.py 130 9364 获取到任务 2020-01-13 15:59:27.878125 关键词: 英超,检测码:射手榜第4位。
Mon 13 Jan 2020 15:59:28 WARNING weibo_com_check.py 204 9364 返回数据为空 射手榜第4位。
Mon 13 Jan 2020 15:59:28 INFO weibo_com_check.py 130 9364 获取到任务 2020-01-13 15:59:28.140988 关键词: 英超,检测码:射手榜第4位。
Mon 13 Jan 2020 15:59:28 WARNING weibo_com_check.py 204 9364 返回数据为空 射手榜第4位。
Mon 13 Jan 2020 15:59:28 INFO weibo_com_check.py 130 9364 获取到任务 2020-01-13 15:59:28.420828 关键词: 英超,检测码:射手榜第4位。
Mon 13 Jan 2020 15:59:28 WARNING weibo_com_check.py 204 9364 返回数据为空 射手榜第4位。
Mon 13 Jan 2020 15:59:28 INFO weibo_com_check.py 130 9364 获取到任务 2020-01-13 15:59:28.691679 关键词: 英超,检测码:射手榜第4位。
Mon 13 Jan 2020 15:59:28 WARNING weibo_com_check.py 204 9364 返回数据为空 射手榜第4位。
Mon 13 Jan 2020 15:59:28 INFO weibo_com_check.py 130 9364 获取到任务 2020-01-13 15:59:28.976499 关键词: 英超,检测码:射手榜第4位。
Mon 13 Jan 2020 15:59:29 WARNING weibo_com_check.py 204 9364 返回数据为空 射手榜第4位。
Mon 13 Jan 2020 15:59:29 INFO weibo_com_check.py 130 9364 获取到任务 2020-01-13 15:59:29.287321 关键词: 英超,检测码:射手榜第4位。
Mon 13 Jan 2020 15:59:29 WARNING weibo_com_check.py 204 9364 返回数据为空 射手榜第4位。
Mon 13 Jan 2020 15:59:29 INFO weibo_com_check.py 130 9364 获取到任务 2020-01-13 15:59:29.561177 关键词: 英超,检测码:射手榜第4位。
Mon 13 Jan 2020 15:59:29 WARNING weibo_com_check.py 204 9364 返回数据为空 射手榜第4位。
Mon 13 Jan 2020 15:59:29 INFO weibo_com_check.py 130 9364 获取到任务 2020-01-13 15:59:29.841006 关键词: 英超,检测码:射手榜第4位。
Mon 13 Jan 2020 15:59:30 WARNING weibo_com_check.py 204 9364 返回数据为空 射手榜第4位。
Mon 13 Jan 2020 15:59:30 INFO weibo_com_check.py 130 9364 获取到任务 2020-01-13 15:59:30.103870 关键词: 英超,检测码:射手榜第4位。
Mon 13 Jan 2020 15:59:30 WARNING weibo_com_check.py 204 9364 返回数据为空 射手榜第4位。
Mon 13 Jan 2020 15:59:30 INFO weibo_com_check.py 130 9364 获取到任务 2020-01-13 15:59:30.376701 关键词: 英超,检测码:射手榜第4位。
Mon 13 Jan 2020 15:59:30 WARNING weibo_com_check.py 204 9364 返回数据为空 射手榜第4位。
Mon 13 Jan 2020 15:59:30 INFO weibo_com_check.py 130 9364 获取到任务 2020-01-13 15:59:30.644548 关键词: 英超,检测码:射手榜第4位。
Mon 13 Jan 2020 15:59:30 WARNING weibo_com_check.py 204 9364 返回数据为空 射手榜第4位。
Mon 13 Jan 2020 15:59:30 INFO weibo_com_check.py 130 9364 获取到任务 2020-01-13 15:59:30.946374 关键词: 英超,检测码:射手榜第4位。
Mon 13 Jan 2020 15:59:31 WARNING weibo_com_check.py 204 9364 返回数据为空 射手榜第4位。
Mon 13 Jan 2020 15:59:31 INFO weibo_com_check.py 130 9364 获取到任务 2020-01-13 15:59:31.197231 关键词: 英超,检测码:射手榜第4位。
Mon 13 Jan 2020 15:59:31 WARNING weibo_com_check.py 204 9364 返回数据为空 射手榜第4位。
Mon 13 Jan 2020 15:59:31 INFO weibo_com_check.py 130 9364 获取到任务 2020-01-13 15:59:31.453094 关键词: 英超,检测码:射手榜第4位。
Mon 13 Jan 2020 15:59:31 WARNING weibo_com_check.py 204 9364 返回数据为空 射手榜第4位。
Mon 13 Jan 2020 15:59:31 INFO weibo_com_check.py 130 9364 获取到任务 2020-01-13 15:59:31.778912 关键词: 英超,检测码:射手榜第4位。
Mon 13 Jan 2020 15:59:32 WARNING weibo_com_check.py 204 9364 返回数据为空 射手榜第4位。
Mon 13 Jan 2020 15:59:32 INFO weibo_com_check.py 130 9364 获取到任务 2020-01-13 15:59:32.042748 关键词: 英超,检测码:射手榜第4位。
Mon 13 Jan 2020 15:59:32 WARNING weibo_com_check.py 204 9364 返回数据为空 射手榜第4位。
Mon 13 Jan 2020 15:59:32 INFO weibo_com_check.py 130 9364 获取到任务 2020-01-13 15:59:32.312607 关键词: 英超,检测码:射手榜第4位。
Mon 13 Jan 2020 15:59:32 WARNING weibo_com_check.py 204 9364 返回数据为空 射手榜第4位。
Mon 13 Jan 2020 15:59:32 INFO weibo_com_check.py 130 9364 获取到任务 2020-01-13 15:59:32.627415 关键词: 英超,检测码:射手榜第4位。
Mon 13 Jan 2020 15:59:32 WARNING weibo_com_check.py 204 9364 返回数据为空 射手榜第4位。
Mon 13 Jan 2020 15:59:32 INFO weibo_com_check.py 130 9364 获取到任务 2020-01-13 15:59:32.937238 关键词: 英超,检测码:射手榜第4位。
Mon 13 Jan 2020 15:59:33 WARNING weibo_com_check.py 204 9364 返回数据为空 射手榜第4位。
Mon 13 Jan 2020 15:59:33 INFO weibo_com_check.py 130 9364 获取到任务 2020-01-13 15:59:33.216086 关键词: 英超,检测码:射手榜第4位。
Mon 13 Jan 2020 15:59:33 WARNING weibo_com_check.py 204 9364 返回数据为空 射手榜第4位。
Mon 13 Jan 2020 15:59:33 INFO weibo_com_check.py 130 9364 获取到任务 2020-01-13 15:59:33.482927 关键词: 英超,检测码:射手榜第4位。
Mon 13 Jan 2020 15:59:33 WARNING weibo_com_check.py 204 9364 返回数据为空 射手榜第4位。
Mon 13 Jan 2020 15:59:33 INFO weibo_com_check.py 130 9364 获取到任务 2020-01-13 15:59:33.782769 关键词: 英超,检测码:射手榜第4位。
Mon 13 Jan 2020 15:59:34 WARNING weibo_com_check.py 204 9364 返回数据为空 射手榜第4位。
Mon 13 Jan 2020 15:59:34 INFO weibo_com_check.py 130 9364 获取到任务 2020-01-13 15:59:34.084604 关键词: 英超,检测码:射手榜第4位。
Mon 13 Jan 2020 15:59:34 WARNING weibo_com_check.py 204 9364 返回数据为空 射手榜第4位。
Mon 13 Jan 2020 15:59:34 INFO weibo_com_check.py 130 9364 获取到任务 2020-01-13 15:59:34.357442 关键词: 英超,检测码:射手榜第4位。
Mon 13 Jan 2020 15:59:34 WARNING weibo_com_check.py 204 9364 返回数据为空 射手榜第4位。
Mon 13 Jan 2020 15:59:34 INFO weibo_com_check.py 130 9364 获取到任务 2020-01-13 15:59:34.658254 关键词: 英超,检测码:射手榜第4位。
Mon 13 Jan 2020 15:59:34 WARNING weibo_com_check.py 204 9364 返回数据为空 射手榜第4位。
Mon 13 Jan 2020 15:59:34 INFO weibo_com_check.py 130 9364 获取到任务 2020-01-13 15:59:34.930113 关键词: 英超,检测码:射手榜第4位。
Mon 13 Jan 2020 15:59:35 WARNING weibo_com_check.py 204 9364 返回数据为空 射手榜第4位。
Mon 13 Jan 2020 15:59:35 INFO weibo_com_check.py 130 9364 获取到任务 2020-01-13 15:59:35.221933 关键词: 英超,检测码:射手榜第4位。
Mon 13 Jan 2020 15:59:35 WARNING weibo_com_check.py 204 9364 返回数据为空 射手榜第4位。
Mon 13 Jan 2020 15:59:35 INFO weibo_com_check.py 130 9364 获取到任务 2020-01-13 15:59:35.525778 关键词: 英超,检测码:射手榜第4位。
Mon 13 Jan 2020 15:59:35 WARNING weibo_com_check.py 204 9364 返回数据为空 射手榜第4位。
Mon 13 Jan 2020 15:59:35 INFO weibo_com_check.py 130 9364 获取到任务 2020-01-13 15:59:35.788610 关键词: 英超,检测码:射手榜第4位。
Mon 13 Jan 2020 15:59:36 WARNING weibo_com_check.py 204 9364 返回数据为空 射手榜第4位。
Mon 13 Jan 2020 15:59:36 INFO weibo_com_check.py 130 9364 获取到任务 2020-01-13 15:59:36.108428 关键词: 英超,检测码:射手榜第4位。
Mon 13 Jan 2020 15:59:36 WARNING weibo_com_check.py 204 9364 返回数据为空 射手榜第4位。
Mon 13 Jan 2020 15:59:36 INFO weibo_com_check.py 130 9364 获取到任务 2020-01-13 15:59:36.397281 关键词: 英超,检测码:射手榜第4位。
Mon 13 Jan 2020 15:59:36 WARNING weibo_com_check.py 204 9364 返回数据为空 射手榜第4位。
Mon 13 Jan 2020 15:59:36 INFO weibo_com_check.py 130 9364 获取到任务 2020-01-13 15:59:36.685112 关键词: 英超,检测码:射手榜第4位。
Mon 13 Jan 2020 15:59:36 WARNING weibo_com_check.py 204 9364 返回数据为空 射手榜第4位。
Mon 13 Jan 2020 15:59:36 INFO weibo_com_check.py 130 9364 获取到任务 2020-01-13 15:59:36.967937 关键词: 英超,检测码:射手榜第4位。
Mon 13 Jan 2020 15:59:37 WARNING weibo_com_check.py 204 9364 返回数据为空 射手榜第4位。
Mon 13 Jan 2020 15:59:37 INFO weibo_com_check.py 130 9364 获取到任务 2020-01-13 15:59:37.249777 关键词: 英超,检测码:射手榜第4位。
Mon 13 Jan 2020 15:59:37 WARNING weibo_com_check.py 204 9364 返回数据为空 射手榜第4位。
Mon 13 Jan 2020 15:59:37 INFO weibo_com_check.py 130 9364 获取到任务 2020-01-13 15:59:37.531614 关键词: 英超,检测码:射手榜第4位。
Mon 13 Jan 2020 15:59:37 WARNING weibo_com_check.py 204 9364 返回数据为空 射手榜第4位。
Mon 13 Jan 2020 15:59:37 INFO weibo_com_check.py 130 9364 获取到任务 2020-01-13 15:59:37.828465 关键词: 英超,检测码:射手榜第4位。
Mon 13 Jan 2020 15:59:38 WARNING weibo_com_check.py 204 9364 返回数据为空 射手榜第4位。
Mon 13 Jan 2020 15:59:38 INFO weibo_com_check.py 130 9364 获取到任务 2020-01-13 15:59:38.082301 关键词: 英超,检测码:射手榜第4位。
Mon 13 Jan 2020 15:59:38 WARNING weibo_com_check.py 204 9364 返回数据为空 射手榜第4位。
Mon 13 Jan 2020 15:59:38 INFO weibo_com_check.py 130 9364 获取到任务 2020-01-13 15:59:38.385127 关键词: 英超,检测码:射手榜第4位。
Mon 13 Jan 2020 15:59:38 WARNING weibo_com_check.py 204 9364 返回数据为空 射手榜第4位。
Mon 13 Jan 2020 15:59:38 INFO weibo_com_check.py 130 9364 获取到任务 2020-01-13 15:59:38.677961 关键词: 英超,检测码:射手榜第4位。
Mon 13 Jan 2020 15:59:38 WARNING weibo_com_check.py 204 9364 返回数据为空 射手榜第4位。
Mon 13 Jan 2020 15:59:38 INFO weibo_com_check.py 130 9364 获取到任务 2020-01-13 15:59:38.943809 关键词: 英超,检测码:射手榜第4位。
Mon 13 Jan 2020 15:59:39 WARNING weibo_com_check.py 204 9364 返回数据为空 射手榜第4位。
Mon 13 Jan 2020 15:59:39 INFO weibo_com_check.py 130 9364 获取到任务 2020-01-13 15:59:39.197677 关键词: 英超,检测码:射手榜第4位。
Mon 13 Jan 2020 15:59:39 WARNING weibo_com_check.py 204 9364 返回数据为空 射手榜第4位。
Mon 13 Jan 2020 15:59:39 INFO weibo_com_check.py 130 9364 获取到任务 2020-01-13 15:59:39.532473 关键词: 英超,检测码:射手榜第4位。
Mon 13 Jan 2020 15:59:39 WARNING weibo_com_check.py 204 9364 返回数据为空 射手榜第4位。
Mon 13 Jan 2020 15:59:39 INFO weibo_com_check.py 130 9364 获取到任务 2020-01-13 15:59:39.835318 关键词: 英超,检测码:射手榜第4位。
Mon 13 Jan 2020 15:59:40 WARNING weibo_com_check.py 204 9364 返回数据为空 射手榜第4位。
Mon 13 Jan 2020 15:59:40 INFO weibo_com_check.py 130 9364 获取到任务 2020-01-13 15:59:40.161116 关键词: 英超,检测码:射手榜第4位。
Mon 13 Jan 2020 15:59:40 WARNING weibo_com_check.py 204 9364 返回数据为空 射手榜第4位。
Mon 13 Jan 2020 15:59:40 INFO weibo_com_check.py 130 9364 获取到任务 2020-01-13 15:59:40.435970 关键词: 英超,检测码:射手榜第4位。
Mon 13 Jan 2020 15:59:40 WARNING weibo_com_check.py 204 9364 返回数据为空 射手榜第4位。
Mon 13 Jan 2020 15:59:40 INFO weibo_com_check.py 130 9364 获取到任务 2020-01-13 15:59:40.729790 关键词: 英超,检测码:射手榜第4位。
Mon 13 Jan 2020 15:59:41 WARNING weibo_com_check.py 204 9364 返回数据为空 射手榜第4位。
Mon 13 Jan 2020 15:59:41 INFO weibo_com_check.py 130 9364 获取到任务 2020-01-13 15:59:41.032630 关键词: 英超,检测码:射手榜第4位。
Mon 13 Jan 2020 15:59:41 WARNING weibo_com_check.py 204 9364 返回数据为空 射手榜第4位。
Mon 13 Jan 2020 15:59:41 INFO weibo_com_check.py 130 9364 获取到任务 2020-01-13 15:59:41.379419 关键词: 英超,检测码:射手榜第4位。
Mon 13 Jan 2020 15:59:41 WARNING weibo_com_check.py 204 9364 返回数据为空 射手榜第4位。
Mon 13 Jan 2020 15:59:41 INFO weibo_com_check.py 130 9364 获取到任务 2020-01-13 15:59:41.682259 关键词: 英超,检测码:射手榜第4位。
Mon 13 Jan 2020 15:59:41 WARNING weibo_com_check.py 204 9364 返回数据为空 射手榜第4位。
Mon 13 Jan 2020 15:59:41 INFO weibo_com_check.py 130 9364 获取到任务 2020-01-13 15:59:41.961086 关键词: 英超,检测码:射手榜第4位。
Mon 13 Jan 2020 15:59:42 WARNING weibo_com_check.py 204 9364 返回数据为空 射手榜第4位。
Mon 13 Jan 2020 15:59:42 INFO weibo_com_check.py 130 9364 获取到任务 2020-01-13 15:59:42.233943 关键词: 英超,检测码:射手榜第4位。
Mon 13 Jan 2020 15:59:42 WARNING weibo_com_check.py 204 9364 返回数据为空 射手榜第4位。
Mon 13 Jan 2020 15:59:42 INFO weibo_com_check.py 130 9364 获取到任务 2020-01-13 15:59:42.518768 关键词: 英超,检测码:射手榜第4位。
Mon 13 Jan 2020 15:59:42 WARNING weibo_com_check.py 204 9364 返回数据为空 射手榜第4位。
Mon 13 Jan 2020 15:59:42 INFO weibo_com_check.py 130 9364 获取到任务 2020-01-13 15:59:42.796610 关键词: 英超,检测码:射手榜第4位。
Mon 13 Jan 2020 15:59:43 WARNING weibo_com_check.py 204 9364 返回数据为空 射手榜第4位。
Mon 13 Jan 2020 15:59:43 INFO weibo_com_check.py 130 9364 获取到任务 2020-01-13 15:59:43.067454 关键词: 英超,检测码:射手榜第4位。
Mon 13 Jan 2020 15:59:43 WARNING weibo_com_check.py 204 9364 返回数据为空 射手榜第4位。
Mon 13 Jan 2020 15:59:43 INFO weibo_com_check.py 130 9364 获取到任务 2020-01-13 15:59:43.371281 关键词: 英超,检测码:射手榜第4位。
Mon 13 Jan 2020 15:59:43 WARNING weibo_com_check.py 204 9364 返回数据为空 射手榜第4位。
Mon 13 Jan 2020 15:59:43 INFO weibo_com_check.py 130 9364 获取到任务 2020-01-13 15:59:43.680118 关键词: 英超,检测码:射手榜第4位。
Mon 13 Jan 2020 15:59:43 WARNING weibo_com_check.py 204 9364 返回数据为空 射手榜第4位。
Mon 13 Jan 2020 15:59:43 INFO weibo_com_check.py 130 9364 获取到任务 2020-01-13 15:59:43.931979 关键词: 英超,检测码:射手榜第4位。
Mon 13 Jan 2020 15:59:44 WARNING weibo_com_check.py 204 9364 返回数据为空 射手榜第4位。
Mon 13 Jan 2020 15:59:44 INFO weibo_com_check.py 130 9364 获取到任务 2020-01-13 15:59:44.237786 关键词: 英超,检测码:射手榜第4位。
Mon 13 Jan 2020 15:59:44 WARNING weibo_com_check.py 204 9364 返回数据为空 射手榜第4位。
Mon 13 Jan 2020 15:59:44 INFO weibo_com_check.py 130 9364 获取到任务 2020-01-13 15:59:44.556618 关键词: 英超,检测码:射手榜第4位。
Mon 13 Jan 2020 15:59:44 WARNING weibo_com_check.py 204 9364 返回数据为空 射手榜第4位。
Mon 13 Jan 2020 15:59:44 INFO weibo_com_check.py 130 9364 获取到任务 2020-01-13 15:59:44.853435 关键词: 英超,检测码:射手榜第4位。
Mon 13 Jan 2020 15:59:45 WARNING weibo_com_check.py 204 9364 返回数据为空 射手榜第4位。
Mon 13 Jan 2020 15:59:45 INFO weibo_com_check.py 130 9364 获取到任务 2020-01-13 15:59:45.161275 关键词: 英超,检测码:射手榜第4位。
Mon 13 Jan 2020 15:59:45 WARNING weibo_com_check.py 204 9364 返回数据为空 射手榜第4位。
Mon 13 Jan 2020 15:59:45 INFO weibo_com_check.py 130 9364 获取到任务 2020-01-13 15:59:45.450095 关键词: 英超,检测码:射手榜第4位。
Mon 13 Jan 2020 15:59:45 WARNING weibo_com_check.py 204 9364 返回数据为空 射手榜第4位。
Mon 13 Jan 2020 15:59:45 INFO weibo_com_check.py 130 9364 获取到任务 2020-01-13 15:59:45.740934 关键词: 英超,检测码:射手榜第4位。
Mon 13 Jan 2020 15:59:46 WARNING weibo_com_check.py 204 9364 返回数据为空 射手榜第4位。
Mon 13 Jan 2020 15:59:46 INFO weibo_com_check.py 130 9364 获取到任务 2020-01-13 15:59:46.012781 关键词: 英超,检测码:射手榜第4位。
Mon 13 Jan 2020 15:59:46 WARNING weibo_com_check.py 204 9364 返回数据为空 射手榜第4位。
Mon 13 Jan 2020 15:59:46 INFO weibo_com_check.py 130 9364 获取到任务 2020-01-13 15:59:46.279628 关键词: 英超,检测码:射手榜第4位。
Mon 13 Jan 2020 15:59:46 WARNING weibo_com_check.py 204 9364 返回数据为空 射手榜第4位。
Mon 13 Jan 2020 15:59:46 INFO weibo_com_check.py 130 9364 获取到任务 2020-01-13 15:59:46.581473 关键词: 英超,检测码:射手榜第4位。
Mon 13 Jan 2020 15:59:46 WARNING weibo_com_check.py 204 9364 返回数据为空 射手榜第4位。
Mon 13 Jan 2020 15:59:46 INFO weibo_com_check.py 130 9364 获取到任务 2020-01-13 15:59:46.886280 关键词: 英超,检测码:射手榜第4位。
Mon 13 Jan 2020 15:59:47 INFO weibo_com_check.py 130 9364 获取到任务 2020-01-13 15:59:47.330045 关键词: 英超,检测码:射手榜第4位。
Mon 13 Jan 2020 15:59:47 INFO weibo_com_check.py 130 9364 获取到任务 2020-01-13 15:59:47.678828 关键词: 英超,检测码:射手榜第4位。
Mon 13 Jan 2020 15:59:48 INFO weibo_com_check.py 130 9364 获取到任务 2020-01-13 15:59:48.061623 关键词: 英超,检测码:射手榜第4位。
Mon 13 Jan 2020 15:59:48 INFO weibo_com_check.py 130 9364 获取到任务 2020-01-13 15:59:48.314465 关键词: 英超,检测码:射手榜第4位。
Mon 13 Jan 2020 16:00:09 INFO weibo_com_check.py 130 2860 获取到任务 2020-01-13 16:00:09.797206 关键词: 英超,检测码:射手榜第4位。
Mon 13 Jan 2020 16:00:10 INFO weibo_com_check.py 130 2860 获取到任务 2020-01-13 16:00:10.075047 关键词: 英超,检测码:射手榜第4位。
Mon 13 Jan 2020 16:00:10 INFO weibo_com_check.py 130 2860 获取到任务 2020-01-13 16:00:10.352892 关键词: 英超,检测码:射手榜第4位。
Mon 13 Jan 2020 16:00:10 INFO weibo_com_check.py 130 2860 获取到任务 2020-01-13 16:00:10.644722 关键词: 英超,检测码:射手榜第4位。
Mon 13 Jan 2020 16:00:10 INFO weibo_com_check.py 130 2860 获取到任务 2020-01-13 16:00:10.927578 关键词: 英超,检测码:射手榜第4位。
Mon 13 Jan 2020 16:00:11 INFO weibo_com_check.py 130 2860 获取到任务 2020-01-13 16:00:11.283358 关键词: 英超,检测码:射手榜第4位。
Mon 13 Jan 2020 16:00:11 INFO weibo_com_check.py 130 2860 获取到任务 2020-01-13 16:00:11.619166 关键词: 英超,检测码:射手榜第4位。
Mon 13 Jan 2020 16:00:11 INFO weibo_com_check.py 130 2860 获取到任务 2020-01-13 16:00:11.950977 关键词: 英超,检测码:射手榜第4位。
Mon 13 Jan 2020 16:00:12 INFO weibo_com_check.py 130 2860 获取到任务 2020-01-13 16:00:12.216837 关键词: 英超,检测码:射手榜第4位。
Mon 13 Jan 2020 16:00:12 INFO weibo_com_check.py 130 2860 获取到任务 2020-01-13 16:00:12.514655 关键词: 英超,检测码:射手榜第4位。
Mon 13 Jan 2020 16:00:12 INFO weibo_com_check.py 130 2860 获取到任务 2020-01-13 16:00:12.801491 关键词: 英超,检测码:射手榜第4位。
Mon 13 Jan 2020 16:00:34 ERROR weibo_com_check.py 207 2860 检测出现异常: HTTPConnectionPool(host='100.65.56.163', port=34568): Max retries exceeded with url: http://captcha.weibo.com/static/waf/check.html?target=http%3A%2F%2Fs.weibo.com%3A80%2Fweibo%3Fq%3D%25E8%258B%25B1%25E8%25B6%2585%26Refer%3DSWeibo_box (Caused by ProxyError('Cannot connect to proxy.', NewConnectionError('<urllib3.connection.HTTPConnection object at 0x0000019A14DE04E0>: Failed to establish a new connection: [WinError 10060] 由于连接方在一段时间后没有正确答复或连接的主机没有反应，连接尝试失败。')))
Mon 13 Jan 2020 16:00:34 INFO weibo_com_check.py 130 2860 获取到任务 2020-01-13 16:00:34.031385 关键词: 英超,检测码:射手榜第4位。
Mon 13 Jan 2020 16:00:34 INFO weibo_com_check.py 130 2860 获取到任务 2020-01-13 16:00:34.346193 关键词: 英超,检测码:射手榜第4位。
Mon 13 Jan 2020 16:00:34 INFO weibo_com_check.py 130 2860 获取到任务 2020-01-13 16:00:34.637028 关键词: 英超,检测码:射手榜第4位。
Mon 13 Jan 2020 16:00:34 INFO weibo_com_check.py 130 2860 获取到任务 2020-01-13 16:00:34.903875 关键词: 英超,检测码:射手榜第4位。
Mon 13 Jan 2020 16:00:35 INFO weibo_com_check.py 130 2860 获取到任务 2020-01-13 16:00:35.212699 关键词: 英超,检测码:射手榜第4位。
Mon 13 Jan 2020 16:00:35 INFO weibo_com_check.py 130 2860 获取到任务 2020-01-13 16:00:35.578489 关键词: 英超,检测码:射手榜第4位。
Mon 13 Jan 2020 16:00:35 INFO weibo_com_check.py 130 2860 获取到任务 2020-01-13 16:00:35.890311 关键词: 英超,检测码:射手榜第4位。
Mon 13 Jan 2020 16:00:36 INFO weibo_com_check.py 130 2860 获取到任务 2020-01-13 16:00:36.188142 关键词: 英超,检测码:射手榜第4位。
Mon 13 Jan 2020 16:00:36 INFO weibo_com_check.py 130 2860 获取到任务 2020-01-13 16:00:36.497965 关键词: 英超,检测码:射手榜第4位。
Mon 13 Jan 2020 16:00:36 INFO weibo_com_check.py 130 2860 获取到任务 2020-01-13 16:00:36.794795 关键词: 英超,检测码:射手榜第4位。
Mon 13 Jan 2020 16:00:37 INFO weibo_com_check.py 130 2860 获取到任务 2020-01-13 16:00:37.081632 关键词: 英超,检测码:射手榜第4位。
Mon 13 Jan 2020 16:00:37 INFO weibo_com_check.py 130 2860 获取到任务 2020-01-13 16:00:37.350478 关键词: 英超,检测码:射手榜第4位。
Mon 13 Jan 2020 16:00:37 INFO weibo_com_check.py 130 2860 获取到任务 2020-01-13 16:00:37.700279 关键词: 英超,检测码:射手榜第4位。
Mon 13 Jan 2020 16:00:38 INFO weibo_com_check.py 130 2860 获取到任务 2020-01-13 16:00:38.003105 关键词: 英超,检测码:射手榜第4位。
Mon 13 Jan 2020 16:00:38 INFO weibo_com_check.py 130 2860 获取到任务 2020-01-13 16:00:38.296938 关键词: 英超,检测码:射手榜第4位。
Mon 13 Jan 2020 16:00:38 INFO weibo_com_check.py 130 2860 获取到任务 2020-01-13 16:00:38.632747 关键词: 英超,检测码:射手榜第4位。
Tue 14 Jan 2020 09:14:48 INFO weibo_com_check.py 130 40928 获取到任务 2020-01-14 09:14:48.906209 关键词: 海外婚礼,检测码:画影随行
Tue 14 Jan 2020 09:15:04 INFO weibo_com_check.py 160 40928 匹配到检测码:画影随行
Tue 14 Jan 2020 09:15:13 INFO weibo_com_check.py 184 40928 检测到热门 画影随行
Tue 14 Jan 2020 09:15:19 INFO weibo_com_check.py 202 40928 存在检测码:[{'uid': '1813002145', 'mid': '4458239263313776'}]
